[20:04:59] [Server thread/INFO]: Starting minecraft server version 1.14.4
[20:04:59] [Server thread/INFO]: Loading properties
[20:04:59] [Server console handler/ERROR]: [TerminalConsole] Failed to read console input
java.io.IOException: The handle is invalid
	at java.io.FileInputStream.readBytes(Native Method) ~[?:1.8.0_221]
	at java.io.FileInputStream.read(Unknown Source) ~[?:1.8.0_221]
	at java.io.BufferedInputStream.read1(Unknown Source) ~[?:1.8.0_221]
	at java.io.BufferedInputStream.read(Unknown Source) ~[?:1.8.0_221]
	at sun.nio.cs.StreamDecoder.readBytes(Unknown Source) ~[?:1.8.0_221]
	at sun.nio.cs.StreamDecoder.implRead(Unknown Source) ~[?:1.8.0_221]
	at sun.nio.cs.StreamDecoder.read(Unknown Source) ~[?:1.8.0_221]
	at java.io.InputStreamReader.read(Unknown Source) ~[?:1.8.0_221]
	at java.io.BufferedReader.fill(Unknown Source) ~[?:1.8.0_221]
	at java.io.BufferedReader.readLine(Unknown Source) ~[?:1.8.0_221]
	at java.io.BufferedReader.readLine(Unknown Source) ~[?:1.8.0_221]
	at net.minecrell.terminalconsole.SimpleTerminalConsole.readCommands(SimpleTerminalConsole.java:180) ~[patched_1.14.4.jar:git-Paper-237]
	at net.minecrell.terminalconsole.SimpleTerminalConsole.start(SimpleTerminalConsole.java:143) ~[patched_1.14.4.jar:git-Paper-237]
	at net.minecraft.server.v1_14_R1.DedicatedServer$2.run(DedicatedServer.java:89) ~[patched_1.14.4.jar:git-Paper-237]
	Suppressed: java.io.IOException: The handle is invalid
		at java.io.FileInputStream.close0(Native Method) ~[?:1.8.0_221]
		at java.io.FileInputStream.access$000(Unknown Source) ~[?:1.8.0_221]
		at java.io.FileInputStream$1.close(Unknown Source) ~[?:1.8.0_221]
		at java.io.FileDescriptor.closeAll(Unknown Source) ~[?:1.8.0_221]
		at java.io.FileInputStream.close(Unknown Source) ~[?:1.8.0_221]
		at java.io.BufferedInputStream.close(Unknown Source) ~[?:1.8.0_221]
		at sun.nio.cs.StreamDecoder.implClose(Unknown Source) ~[?:1.8.0_221]
		at sun.nio.cs.StreamDecoder.close(Unknown Source) ~[?:1.8.0_221]
		at java.io.InputStreamReader.close(Unknown Source) ~[?:1.8.0_221]
		at java.io.BufferedReader.close(Unknown Source) ~[?:1.8.0_221]
		at net.minecrell.terminalconsole.SimpleTerminalConsole.readCommands(SimpleTerminalConsole.java:183) ~[patched_1.14.4.jar:git-Paper-237]
		at net.minecrell.terminalconsole.SimpleTerminalConsole.start(SimpleTerminalConsole.java:143) ~[patched_1.14.4.jar:git-Paper-237]
		at net.minecraft.server.v1_14_R1.DedicatedServer$2.run(DedicatedServer.java:89) ~[patched_1.14.4.jar:git-Paper-237]
[20:05:01] [Server thread/INFO]: This server is running Paper version git-Paper-237 (MC: 1.14.4) (Implementing API version 1.14.4-R0.1-SNAPSHOT)
[20:05:03] [Server thread/INFO]: Debug logging is disabled
[20:05:03] [Server thread/INFO]: Server Ping Player Sample Count: 12
[20:05:03] [Server thread/INFO]: Using 4 threads for Netty based IO
[20:05:04] [Server thread/INFO]: Default game type: SURVIVAL
[20:05:04] [Server thread/INFO]: Generating keypair
[20:05:05] [Server thread/INFO]: Starting Minecraft server on *:25565
[20:05:05] [Server thread/INFO]: Using default channel type
[20:05:09] [Server thread/INFO]: Server permissions file permissions.yml is empty, ignoring it
[20:05:09] [Server thread/INFO]: Preparing level "world"
[20:05:10] [Server thread/INFO]: Reloading ResourceManager: Default, bukkit
[20:06:02] [Server thread/INFO]: Loaded 6 recipes
[20:06:06] [Server thread/INFO]: -------- World Settings For [world] --------
[20:06:06] [Server thread/INFO]: View Distance: 10
[20:06:06] [Server thread/INFO]: Allow Zombie Pigmen to spawn from portal blocks: true
[20:06:06] [Server thread/INFO]: Item Despawn Rate: 6000
[20:06:07] [Server thread/INFO]: Item Merge Radius: 2.5
[20:06:07] [Server thread/INFO]: Arrow Despawn Rate: 1200
[20:06:07] [Server thread/INFO]: Custom Map Seeds:  Village: 10387312 Desert: 14357617 Igloo: 14357618 Jungle: 14357619 Swamp: 14357620 Monument: 10387313Ocean: 14357621 Shipwreck: 165745295 Slime: 987234911
[20:06:07] [Server thread/INFO]: Zombie Aggressive Towards Villager: true
[20:06:07] [Server thread/INFO]: Nerfing mobs spawned from spawners: false
[20:06:07] [Server thread/INFO]: Entity Activation Range: An 32 / Mo 32 / Ra 48 / Mi 16 / Tiv true
[20:06:07] [Server thread/INFO]: Entity Tracking Range: Pl 48 / An 48 / Mo 48 / Mi 32 / Other 64
[20:06:07] [Server thread/INFO]: Hopper Transfer: 8 Hopper Check: 1 Hopper Amount: 1
[20:06:07] [Server thread/INFO]: Max TNT Explosions: 100
[20:06:07] [Server thread/INFO]: Cactus Growth Modifier: 100%
[20:06:07] [Server thread/INFO]: Cane Growth Modifier: 100%
[20:06:07] [Server thread/INFO]: Melon Growth Modifier: 100%
[20:06:07] [Server thread/INFO]: Mushroom Growth Modifier: 100%
[20:06:07] [Server thread/INFO]: Pumpkin Growth Modifier: 100%
[20:06:07] [Server thread/INFO]: Sapling Growth Modifier: 100%
[20:06:07] [Server thread/INFO]: Beetroot Growth Modifier: 100%
[20:06:07] [Server thread/INFO]: Carrot Growth Modifier: 100%
[20:06:07] [Server thread/INFO]: Potato Growth Modifier: 100%
[20:06:07] [Server thread/INFO]: Wheat Growth Modifier: 100%
[20:06:07] [Server thread/INFO]: NetherWart Growth Modifier: 100%
[20:06:07] [Server thread/INFO]: Vine Growth Modifier: 100%
[20:06:07] [Server thread/INFO]: Cocoa Growth Modifier: 100%
[20:06:07] [Server thread/INFO]: Bamboo Growth Modifier: 100%
[20:06:07] [Server thread/INFO]: SweetBerry Growth Modifier: 100%
[20:06:07] [Server thread/INFO]: Kelp Growth Modifier: 100%
[20:06:07] [Server thread/INFO]: Experience Merge Radius: 3.0
[20:06:07] [Server thread/INFO]: Mob Spawn Range: 8
[20:06:07] [Server thread/INFO]: Tile Max Tick Time: 50ms Entity max Tick Time: 50ms
[20:06:20] [Server thread/INFO]: -------- World Settings For [world_nether] --------
[20:06:20] [Server thread/INFO]: View Distance: 10
[20:06:20] [Server thread/INFO]: Allow Zombie Pigmen to spawn from portal blocks: true
[20:06:20] [Server thread/INFO]: Item Despawn Rate: 6000
[20:06:20] [Server thread/INFO]: Item Merge Radius: 2.5
[20:06:20] [Server thread/INFO]: Arrow Despawn Rate: 1200
[20:06:20] [Server thread/INFO]: Custom Map Seeds:  Village: 10387312 Desert: 14357617 Igloo: 14357618 Jungle: 14357619 Swamp: 14357620 Monument: 10387313Ocean: 14357621 Shipwreck: 165745295 Slime: 987234911
[20:06:20] [Server thread/INFO]: Zombie Aggressive Towards Villager: true
[20:06:20] [Server thread/INFO]: Nerfing mobs spawned from spawners: false
[20:06:20] [Server thread/INFO]: Entity Activation Range: An 32 / Mo 32 / Ra 48 / Mi 16 / Tiv true
[20:06:20] [Server thread/INFO]: Entity Tracking Range: Pl 48 / An 48 / Mo 48 / Mi 32 / Other 64
[20:06:20] [Server thread/INFO]: Hopper Transfer: 8 Hopper Check: 1 Hopper Amount: 1
[20:06:20] [Server thread/INFO]: Max TNT Explosions: 100
[20:06:20] [Server thread/INFO]: Cactus Growth Modifier: 100%
[20:06:20] [Server thread/INFO]: Cane Growth Modifier: 100%
[20:06:20] [Server thread/INFO]: Melon Growth Modifier: 100%
[20:06:20] [Server thread/INFO]: Mushroom Growth Modifier: 100%
[20:06:20] [Server thread/INFO]: Pumpkin Growth Modifier: 100%
[20:06:20] [Server thread/INFO]: Sapling Growth Modifier: 100%
[20:06:20] [Server thread/INFO]: Beetroot Growth Modifier: 100%
[20:06:20] [Server thread/INFO]: Carrot Growth Modifier: 100%
[20:06:20] [Server thread/INFO]: Potato Growth Modifier: 100%
[20:06:20] [Server thread/INFO]: Wheat Growth Modifier: 100%
[20:06:20] [Server thread/INFO]: NetherWart Growth Modifier: 100%
[20:06:20] [Server thread/INFO]: Vine Growth Modifier: 100%
[20:06:20] [Server thread/INFO]: Cocoa Growth Modifier: 100%
[20:06:20] [Server thread/INFO]: Bamboo Growth Modifier: 100%
[20:06:20] [Server thread/INFO]: SweetBerry Growth Modifier: 100%
[20:06:20] [Server thread/INFO]: Kelp Growth Modifier: 100%
[20:06:20] [Server thread/INFO]: Experience Merge Radius: 3.0
[20:06:20] [Server thread/INFO]: Mob Spawn Range: 8
[20:06:20] [Server thread/INFO]: Tile Max Tick Time: 50ms Entity max Tick Time: 50ms
[20:06:21] [Server thread/INFO]: -------- World Settings For [world_the_end] --------
[20:06:21] [Server thread/INFO]: View Distance: 10
[20:06:21] [Server thread/INFO]: Allow Zombie Pigmen to spawn from portal blocks: true
[20:06:21] [Server thread/INFO]: Item Despawn Rate: 6000
[20:06:21] [Server thread/INFO]: Item Merge Radius: 2.5
[20:06:21] [Server thread/INFO]: Arrow Despawn Rate: 1200
[20:06:21] [Server thread/INFO]: Custom Map Seeds:  Village: 10387312 Desert: 14357617 Igloo: 14357618 Jungle: 14357619 Swamp: 14357620 Monument: 10387313Ocean: 14357621 Shipwreck: 165745295 Slime: 987234911
[20:06:21] [Server thread/INFO]: Zombie Aggressive Towards Villager: true
[20:06:21] [Server thread/INFO]: Nerfing mobs spawned from spawners: false
[20:06:21] [Server thread/INFO]: Entity Activation Range: An 32 / Mo 32 / Ra 48 / Mi 16 / Tiv true
[20:06:21] [Server thread/INFO]: Entity Tracking Range: Pl 48 / An 48 / Mo 48 / Mi 32 / Other 64
[20:06:21] [Server thread/INFO]: Hopper Transfer: 8 Hopper Check: 1 Hopper Amount: 1
[20:06:21] [Server thread/INFO]: Max TNT Explosions: 100
[20:06:21] [Server thread/INFO]: Cactus Growth Modifier: 100%
[20:06:21] [Server thread/INFO]: Cane Growth Modifier: 100%
[20:06:21] [Server thread/INFO]: Melon Growth Modifier: 100%
[20:06:21] [Server thread/INFO]: Mushroom Growth Modifier: 100%
[20:06:21] [Server thread/INFO]: Pumpkin Growth Modifier: 100%
[20:06:21] [Server thread/INFO]: Sapling Growth Modifier: 100%
[20:06:21] [Server thread/INFO]: Beetroot Growth Modifier: 100%
[20:06:21] [Server thread/INFO]: Carrot Growth Modifier: 100%
[20:06:21] [Server thread/INFO]: Potato Growth Modifier: 100%
[20:06:21] [Server thread/INFO]: Wheat Growth Modifier: 100%
[20:06:21] [Server thread/INFO]: NetherWart Growth Modifier: 100%
[20:06:21] [Server thread/INFO]: Vine Growth Modifier: 100%
[20:06:21] [Server thread/INFO]: Cocoa Growth Modifier: 100%
[20:06:21] [Server thread/INFO]: Bamboo Growth Modifier: 100%
[20:06:21] [Server thread/INFO]: SweetBerry Growth Modifier: 100%
[20:06:21] [Server thread/INFO]: Kelp Growth Modifier: 100%
[20:06:21] [Server thread/INFO]: Experience Merge Radius: 3.0
[20:06:21] [Server thread/INFO]: Mob Spawn Range: 8
[20:06:21] [Server thread/INFO]: Tile Max Tick Time: 50ms Entity max Tick Time: 50ms
[20:06:22] [Server thread/INFO]: Preparing start region for dimension 'world'/minecraft:overworld
[20:06:27] [Server thread/INFO]: Preparing spawn area: 0%
[20:06:27] [Server thread/INFO]: Preparing spawn area: 0%
[20:06:27] [Server thread/INFO]: Preparing spawn area: 0%
[20:06:27] [Server thread/INFO]: Preparing spawn area: 0%
[20:06:27] [Server thread/INFO]: Preparing spawn area: 0%
[20:06:27] [Server thread/INFO]: Preparing spawn area: 0%
[20:06:27] [Server thread/INFO]: Preparing spawn area: 0%
[20:06:27] [Server thread/INFO]: Preparing spawn area: 0%
[20:06:27] [Server thread/INFO]: Preparing spawn area: 0%
[20:06:27] [Server thread/INFO]: Preparing spawn area: 0%
[20:06:27] [Server thread/INFO]: Preparing spawn area: 0%
[20:06:28] [Server thread/INFO]: Preparing spawn area: 0%
[20:06:28] [Server thread/INFO]: Preparing spawn area: 0%
[20:06:28] [Server thread/INFO]: Preparing spawn area: 0%
[20:06:29] [Server thread/INFO]: Preparing spawn area: 1%
[20:06:30] [Server thread/INFO]: Preparing spawn area: 3%
[20:06:30] [Server thread/INFO]: Preparing spawn area: 4%
[20:06:30] [Server thread/INFO]: Preparing spawn area: 8%
[20:06:31] [Server thread/INFO]: Preparing spawn area: 8%
[20:06:43] [Server thread/INFO]: Preparing spawn area: 11%
[20:06:43] [Server thread/INFO]: Preparing spawn area: 11%
[20:06:43] [Server thread/INFO]: Preparing spawn area: 11%
[20:06:43] [Server thread/INFO]: Preparing spawn area: 11%
[20:06:43] [Server thread/INFO]: Preparing spawn area: 11%
[20:06:43] [Server thread/INFO]: Preparing spawn area: 11%
[20:06:43] [Server thread/INFO]: Preparing spawn area: 11%
[20:06:43] [Server thread/INFO]: Preparing spawn area: 11%
[20:06:43] [Server thread/INFO]: Preparing spawn area: 11%
[20:06:43] [Server thread/INFO]: Preparing spawn area: 11%
[20:06:43] [Server thread/INFO]: Preparing spawn area: 11%
[20:06:43] [Server thread/INFO]: Preparing spawn area: 11%
[20:06:43] [Server thread/INFO]: Preparing spawn area: 11%
[20:06:43] [Server thread/INFO]: Preparing spawn area: 11%
[20:06:43] [Server thread/INFO]: Preparing spawn area: 11%
[20:06:43] [Server thread/INFO]: Preparing spawn area: 11%
[20:06:43] [Server thread/INFO]: Preparing spawn area: 11%
[20:06:43] [Server thread/INFO]: Preparing spawn area: 11%
[20:06:43] [Server thread/INFO]: Preparing spawn area: 11%
[20:06:43] [Server thread/INFO]: Preparing spawn area: 11%
[20:06:43] [Server thread/INFO]: Preparing spawn area: 11%
[20:06:43] [Server thread/INFO]: Preparing spawn area: 11%
[20:06:43] [Server thread/INFO]: Preparing spawn area: 11%
[20:06:43] [Server thread/INFO]: Preparing spawn area: 11%
[20:06:43] [Server thread/INFO]: Preparing spawn area: 11%
[20:06:45] [Server thread/INFO]: Preparing spawn area: 47%
[20:06:45] [Server thread/INFO]: Preparing spawn area: 47%
[20:06:45] [Server thread/INFO]: Preparing spawn area: 47%
[20:06:45] [Server thread/INFO]: Preparing spawn area: 52%
[20:06:46] [Server thread/INFO]: Preparing spawn area: 54%
[20:06:46] [Server thread/INFO]: Preparing spawn area: 56%
[20:06:47] [Server thread/INFO]: Preparing spawn area: 57%
[20:06:48] [Server thread/INFO]: Preparing spawn area: 58%
[20:06:48] [Server thread/INFO]: Preparing spawn area: 60%
[20:06:48] [Server thread/INFO]: Preparing spawn area: 60%
[20:06:50] [Server thread/INFO]: Preparing spawn area: 64%
[20:06:50] [Server thread/INFO]: Preparing spawn area: 64%
[20:06:50] [Server thread/INFO]: Preparing spawn area: 64%
[20:06:51] [Server thread/INFO]: Preparing spawn area: 67%
[20:06:51] [Server thread/INFO]: Preparing spawn area: 67%
[20:06:51] [Server thread/INFO]: Preparing spawn area: 73%
[20:06:52] [Server thread/INFO]: Preparing spawn area: 78%
[20:06:53] [Server thread/INFO]: Preparing spawn area: 89%
[20:06:53] [Server thread/INFO]: Preparing spawn area: 89%
[20:06:54] [Server thread/INFO]: Preparing spawn area: 89%
[20:06:54] [Server thread/INFO]: Preparing spawn area: 89%
[20:06:55] [Server thread/INFO]: Preparing spawn area: 89%
[20:06:55] [Server thread/INFO]: Preparing spawn area: 89%
[20:06:55] [Server thread/INFO]: Preparing spawn area: 89%
[20:06:56] [Server thread/INFO]: Preparing spawn area: 89%
[20:06:57] [Server thread/INFO]: Preparing spawn area: 89%
[20:06:57] [Server thread/INFO]: Preparing spawn area: 89%
[20:06:57] [Server thread/INFO]: Preparing spawn area: 89%
[20:07:12] [Server-Worker-6/INFO]: Preparing spawn area: 89%
[20:07:12] [Server-Worker-5/INFO]: Preparing spawn area: 89%
[20:07:12] [Server-Worker-5/INFO]: Preparing spawn area: 89%
[20:07:12] [Server-Worker-5/INFO]: Preparing spawn area: 89%
[20:07:12] [Server-Worker-5/INFO]: Preparing spawn area: 89%
[20:07:12] [Server-Worker-5/INFO]: Preparing spawn area: 89%
[20:07:12] [Server-Worker-5/INFO]: Preparing spawn area: 89%
[20:07:12] [Server-Worker-5/INFO]: Preparing spawn area: 89%
[20:07:12] [Server-Worker-5/INFO]: Preparing spawn area: 89%
[20:07:12] [Server-Worker-5/INFO]: Preparing spawn area: 89%
[20:07:12] [Server-Worker-5/INFO]: Preparing spawn area: 89%
[20:07:12] [Server-Worker-5/INFO]: Preparing spawn area: 89%
[20:07:12] [Server-Worker-5/INFO]: Preparing spawn area: 89%
[20:07:12] [Server-Worker-5/INFO]: Preparing spawn area: 89%
[20:07:12] [Server-Worker-5/INFO]: Preparing spawn area: 89%
[20:07:12] [Server-Worker-5/INFO]: Preparing spawn area: 89%
[20:07:12] [Server-Worker-5/INFO]: Preparing spawn area: 89%
[20:07:12] [Server-Worker-5/INFO]: Preparing spawn area: 89%
[20:07:12] [Server-Worker-5/INFO]: Preparing spawn area: 89%
[20:07:12] [Server-Worker-5/INFO]: Preparing spawn area: 89%
[20:07:12] [Server-Worker-5/INFO]: Preparing spawn area: 89%
[20:07:12] [Server-Worker-5/INFO]: Preparing spawn area: 89%
[20:07:12] [Server-Worker-5/INFO]: Preparing spawn area: 89%
[20:07:12] [Server-Worker-5/INFO]: Preparing spawn area: 89%
[20:07:12] [Server-Worker-5/INFO]: Preparing spawn area: 89%
[20:07:12] [Server-Worker-5/INFO]: Preparing spawn area: 89%
[20:07:12] [Server-Worker-5/INFO]: Preparing spawn area: 89%
[20:07:12] [Server-Worker-5/INFO]: Preparing spawn area: 89%
[20:07:12] [Server-Worker-5/INFO]: Preparing spawn area: 89%
[20:07:12] [Server thread/INFO]: Preparing spawn area: 89%
[20:07:13] [Server-Worker-6/INFO]: Preparing spawn area: 100%
[20:07:13] [Server-Worker-6/INFO]: Preparing spawn area: 100%
[20:07:14] [Server-Worker-6/INFO]: Preparing spawn area: 100%
[20:07:14] [Server-Worker-5/INFO]: Preparing spawn area: 100%
[20:07:15] [Server-Worker-6/INFO]: Preparing spawn area: 100%
[20:07:15] [Server-Worker-6/INFO]: Preparing spawn area: 100%
[20:07:16] [Server-Worker-5/INFO]: Preparing spawn area: 100%
[20:07:17] [Server thread/INFO]: Preparing spawn area: 100%
[20:07:17] [Server-Worker-5/INFO]: Preparing spawn area: 100%
[20:07:17] [Server-Worker-5/INFO]: Preparing spawn area: 100%
[20:07:18] [Server-Worker-5/INFO]: Preparing spawn area: 100%
[20:07:19] [Server-Worker-5/INFO]: Preparing spawn area: 100%
[20:07:19] [Server-Worker-5/INFO]: Preparing spawn area: 100%
[20:07:20] [Server thread/INFO]: Preparing spawn area: 100%
[20:07:20] [Server thread/INFO]: Preparing spawn area: 100%
[20:07:20] [Server thread/INFO]: Preparing spawn area: 100%
[20:07:21] [Server-Worker-6/INFO]: Preparing spawn area: 100%
[20:07:21] [Server-Worker-5/INFO]: Preparing spawn area: 100%
[20:07:22] [Server thread/INFO]: Preparing spawn area: 100%
[20:07:22] [Server-Worker-6/INFO]: Preparing spawn area: 100%
[20:07:23] [Server-Worker-6/INFO]: Preparing spawn area: 100%
[20:07:23] [Server-Worker-6/INFO]: Preparing spawn area: 100%
[20:07:24] [Server-Worker-5/INFO]: Preparing spawn area: 100%
[20:07:24] [Server thread/INFO]: Preparing spawn area: 100%
[20:07:25] [Server-Worker-6/INFO]: Preparing spawn area: 100%
[20:07:25] [Server-Worker-5/INFO]: Preparing spawn area: 100%
[20:07:26] [Server-Worker-6/INFO]: Preparing spawn area: 100%
[20:07:26] [Server thread/INFO]: Preparing spawn area: 100%
[20:07:27] [Server-Worker-6/INFO]: Preparing spawn area: 100%
[20:07:28] [Server-Worker-5/INFO]: Preparing spawn area: 100%
[20:07:28] [Server-Worker-6/INFO]: Preparing spawn area: 100%
[20:07:28] [Server-Worker-5/INFO]: Preparing spawn area: 100%
[20:07:29] [Server-Worker-5/INFO]: Preparing spawn area: 100%
[20:07:29] [Server-Worker-6/INFO]: Preparing spawn area: 100%
[20:07:30] [Server-Worker-6/INFO]: Preparing spawn area: 100%
[20:07:31] [Server-Worker-6/INFO]: Preparing spawn area: 100%
[20:07:31] [Server-Worker-6/INFO]: Preparing spawn area: 100%
[20:07:31] [Server-Worker-6/INFO]: Preparing spawn area: 100%
[20:07:32] [Server thread/INFO]: Preparing spawn area: 100%
[20:07:32] [Server-Worker-6/INFO]: Preparing spawn area: 100%
[20:07:33] [Server-Worker-5/INFO]: Preparing spawn area: 100%
[20:07:34] [Server thread/INFO]: Preparing spawn area: 100%
[20:07:34] [Server-Worker-5/INFO]: Preparing spawn area: 100%
[20:07:34] [Server-Worker-6/INFO]: Preparing spawn area: 100%
[20:07:35] [Server-Worker-6/INFO]: Preparing spawn area: 100%
[20:07:35] [Server-Worker-5/INFO]: Preparing spawn area: 100%
[20:07:36] [Server-Worker-5/INFO]: Preparing spawn area: 100%
[20:07:36] [Server thread/INFO]: Preparing spawn area: 100%
[20:07:37] [Server thread/INFO]: Preparing spawn area: 100%
[20:07:37] [Server-Worker-5/INFO]: Preparing spawn area: 100%
[20:07:38] [Server thread/INFO]: Preparing spawn area: 100%
[20:07:38] [Server thread/INFO]: Loaded 441 spawn chunks for world world
[20:07:38] [Server thread/INFO]: Time elapsed: 76364 ms
[20:07:38] [Server thread/INFO]: Preparing start region for dimension 'world_nether'/minecraft:the_nether
[20:07:39] [Server thread/INFO]: Preparing spawn area: 0%
[20:07:39] [Server thread/INFO]: Preparing spawn area: 0%
[20:07:39] [Server thread/INFO]: Preparing spawn area: 0%
[20:07:41] [Server thread/INFO]: Preparing spawn area: 1%
[20:07:41] [Server thread/INFO]: Preparing spawn area: 1%
[20:07:41] [Server thread/INFO]: Preparing spawn area: 1%
[20:07:41] [Server thread/INFO]: Preparing spawn area: 6%
[20:07:42] [Server thread/INFO]: Preparing spawn area: 12%
[20:07:42] [Server thread/INFO]: Preparing spawn area: 28%
[20:07:43] [Server thread/INFO]: Preparing spawn area: 44%
[20:07:43] [Server thread/INFO]: Preparing spawn area: 46%
[20:07:44] [Server thread/INFO]: Preparing spawn area: 47%
[20:07:44] [Server thread/INFO]: Preparing spawn area: 65%
[20:07:45] [Server thread/INFO]: Preparing spawn area: 66%
[20:07:45] [Server thread/INFO]: Preparing spawn area: 66%
[20:07:46] [Server thread/INFO]: Preparing spawn area: 81%
[20:07:46] [Server thread/INFO]: Preparing spawn area: 89%
[20:07:47] [Server thread/INFO]: Preparing spawn area: 100%
[20:07:47] [Server-Worker-5/INFO]: Preparing spawn area: 100%
[20:07:48] [Server-Worker-5/INFO]: Preparing spawn area: 100%
[20:07:48] [Server-Worker-6/INFO]: Preparing spawn area: 100%
[20:07:49] [Server-Worker-5/INFO]: Preparing spawn area: 100%
[20:07:49] [Server-Worker-5/INFO]: Preparing spawn area: 100%
[20:07:50] [Server-Worker-5/INFO]: Preparing spawn area: 100%
[20:07:50] [Server-Worker-6/INFO]: Preparing spawn area: 100%
[20:07:51] [Server-Worker-6/INFO]: Preparing spawn area: 100%
[20:07:51] [Server-Worker-6/INFO]: Preparing spawn area: 100%
[20:07:52] [Server-Worker-6/INFO]: Preparing spawn area: 100%
[20:07:52] [Server-Worker-6/INFO]: Preparing spawn area: 100%
[20:07:53] [Server-Worker-5/INFO]: Preparing spawn area: 100%
[20:07:53] [Server-Worker-5/INFO]: Preparing spawn area: 100%
[20:07:54] [Server-Worker-5/INFO]: Preparing spawn area: 100%
[20:07:54] [Server-Worker-5/INFO]: Preparing spawn area: 100%
[20:07:54] [Server thread/INFO]: Loaded 441 spawn chunks for world world_nether
[20:07:54] [Server thread/INFO]: Time elapsed: 16010 ms
[20:07:54] [Server thread/INFO]: Preparing start region for dimension 'world_the_end'/minecraft:the_end
[20:07:55] [Server thread/INFO]: Preparing spawn area: 0%
[20:07:55] [Server thread/INFO]: Preparing spawn area: 0%
[20:07:55] [Server thread/INFO]: Preparing spawn area: 6%
[20:07:56] [Server thread/INFO]: Preparing spawn area: 39%
[20:07:56] [Server thread/INFO]: Preparing spawn area: 87%
[20:07:57] [Server thread/INFO]: Preparing spawn area: 100%
[20:07:57] [Server-Worker-5/INFO]: Preparing spawn area: 100%
[20:07:58] [Server-Worker-6/INFO]: Preparing spawn area: 100%
[20:07:58] [Server-Worker-5/INFO]: Preparing spawn area: 100%
[20:07:59] [Server-Worker-6/INFO]: Preparing spawn area: 100%
[20:07:59] [Server thread/INFO]: Loaded 441 spawn chunks for world world_the_end
[20:07:59] [Server thread/INFO]: Time elapsed: 4537 ms
[20:07:59] [Server thread/INFO]: Done (170.008s)! For help, type "help"
[20:07:59] [Server thread/INFO]: Timings Reset
[20:08:21] [Server thread/WARN]: Can't keep up! Is the server overloaded? Running 21829ms or 436 ticks behind
[20:09:04] [Server thread/WARN]: Can't keep up! Is the server overloaded? Running 13299ms or 265 ticks behind
[20:11:09] [Server thread/WARN]: Can't keep up! Is the server overloaded? Running 5101ms or 102 ticks behind
[20:17:38] [Server thread/WARN]: Can't keep up! Is the server overloaded? Running 5036ms or 100 ticks behind
[20:19:07] [Server thread/WARN]: Can't keep up! Is the server overloaded? Running 5215ms or 104 ticks behind
